c:\users\vinicius\source\repos\texteditor\texteditor\debug\texteditor.pch
c:\users\vinicius\source\repos\texteditor\texteditor\debug\vc141.pdb
c:\users\vinicius\source\repos\texteditor\texteditor\debug\vc141.idb
c:\users\vinicius\source\repos\texteditor\texteditor\debug\stdafx.obj
c:\users\vinicius\source\repos\texteditor\texteditor\debug\inputcallbacks.obj
c:\users\vinicius\source\repos\texteditor\texteditor\debug\selectingcallback.obj
c:\users\vinicius\source\repos\texteditor\texteditor\debug\inputhandler.obj
c:\users\vinicius\source\repos\texteditor\texteditor\debug\outputhandler.obj
c:\users\vinicius\source\repos\texteditor\texteditor\debug\dynamicstring.obj
c:\users\vinicius\source\repos\texteditor\texteditor\debug\dynamicstringlist.obj
c:\users\vinicius\source\repos\texteditor\texteditor\debug\texteditor.obj
c:\users\vinicius\source\repos\texteditor\texteditor\debug\menu.obj
c:\users\vinicius\source\repos\texteditor\texteditor\debug\menucallbacks.obj
c:\users\vinicius\source\repos\texteditor\debug\texteditor.exe
c:\users\vinicius\source\repos\texteditor\debug\texteditor.ilk
c:\users\vinicius\source\repos\texteditor\debug\texteditor.pdb
c:\users\vinicius\source\repos\texteditor\texteditor\debug\inputhandler.obj.enc
c:\users\vinicius\source\repos\texteditor\texteditor\debug\outputhandler.obj.enc
c:\users\vinicius\source\repos\texteditor\texteditor\debug\texteditor.tlog\cl.command.1.tlog
c:\users\vinicius\source\repos\texteditor\texteditor\debug\texteditor.tlog\cl.read.1.tlog
c:\users\vinicius\source\repos\texteditor\texteditor\debug\texteditor.tlog\cl.write.1.tlog
c:\users\vinicius\source\repos\texteditor\texteditor\debug\texteditor.tlog\link.command.1.tlog
c:\users\vinicius\source\repos\texteditor\texteditor\debug\texteditor.tlog\link.read.1.tlog
c:\users\vinicius\source\repos\texteditor\texteditor\debug\texteditor.tlog\link.write.1.tlog
